2024-11-19 19:00:17,565 [File Watcher] INFO  org.springframework.boot.devtools.autoconfigure.LocalDevToolsAutoConfiguration$RestartingClassPathChangeChangedEventListener(onApplicationEvent:211) - Restarting due to 1 class path change (0 additions, 0 deletions, 1 modification)
2024-11-19 19:00:17,576 [Thread-19] INFO  org.apache.coyote.http11.Http11NioProtocol(log:173) - Stopping ProtocolHandler ["http-nio-8080"]
2024-11-19 19:00:17,640 [restartedMain] INFO  com.dobby.mzdict.MzdictApplication(logStarting:50) - Starting MzdictApplication using Java 17.0.12 with PID 37665 (/Users/dobby/IdeaProjects/mzdict/build/classes/java/main started by dobby in /Users/dobby/IdeaProjects/mzdict)
2024-11-19 19:00:17,640 [restartedMain] INFO  com.dobby.mzdict.MzdictApplication(logStartupProfileInfo:654) - No active profile set, falling back to 1 default profile: "default"
2024-11-19 19:00:17,740 [restartedMain] INFO  org.springframework.boot.web.embedded.tomcat.TomcatWebServer(initialize:111) - Tomcat initialized with port 8080 (http)
2024-11-19 19:00:17,740 [restartedMain] INFO  org.apache.coyote.http11.Http11NioProtocol(log:173) - Initializing ProtocolHandler ["http-nio-8080"]
2024-11-19 19:00:17,740 [restartedMain] INFO  org.apache.catalina.core.StandardService(log:173) - Starting service [Tomcat]
2024-11-19 19:00:17,740 [restartedMain] INFO  org.apache.catalina.core.StandardEngine(log:173) - Starting Servlet engine: [Apache Tomcat/10.1.30]
2024-11-19 19:00:17,745 [restartedMain] INFO  org.apache.catalina.core.ContainerBase.[Tomcat].[localhost].[/](log:173) - Initializing Spring embedded WebApplicationContext
2024-11-19 19:00:17,745 [restartedMain] INFO  org.springframework.boot.web.servlet.context.ServletWebServerApplicationContext(prepareWebApplicationContext:296) - Root WebApplicationContext: initialization completed in 104 ms
2024-11-19 19:00:17,784 [restartedMain] INFO  org.springframework.boot.autoconfigure.web.servlet.WelcomePageHandlerMapping(<init>:59) - Adding welcome page: class path resource [static/index.html]
2024-11-19 19:00:17,880 [restartedMain] INFO  org.springframework.boot.devtools.autoconfigure.OptionalLiveReloadServer(startServer:59) - LiveReload server is running on port 35729
2024-11-19 19:00:17,885 [restartedMain] INFO  org.apache.coyote.http11.Http11NioProtocol(log:173) - Starting ProtocolHandler ["http-nio-8080"]
2024-11-19 19:00:17,885 [restartedMain] INFO  org.springframework.boot.web.embedded.tomcat.TomcatWebServer(start:243) - Tomcat started on port 8080 (http) with context path '/'
2024-11-19 19:00:17,888 [restartedMain] INFO  com.dobby.mzdict.MzdictApplication(logStarted:56) - Started MzdictApplication in 0.268 seconds (process running for 12041.3)
2024-11-19 19:00:17,889 [restartedMain] INFO  org.springframework.boot.devtools.autoconfigure.ConditionEvaluationDeltaLoggingListener(onApplicationEvent:63) - Condition evaluation unchanged
2024-11-19 19:00:20,920 [restartedMain] INFO  com.dobby.mzdict.MzdictApplication(logStarting:50) - Starting MzdictApplication using Java 17.0.12 with PID 41982 (/Users/dobby/IdeaProjects/mzdict/build/classes/java/main started by dobby in /Users/dobby/IdeaProjects/mzdict)
2024-11-19 19:00:20,922 [restartedMain] INFO  com.dobby.mzdict.MzdictApplication(logStartupProfileInfo:654) - No active profile set, falling back to 1 default profile: "default"
2024-11-19 19:00:20,940 [restartedMain] INFO  org.springframework.boot.devtools.env.DevToolsPropertyDefaultsPostProcessor(logTo:252) - Devtools property defaults active! Set 'spring.devtools.add-properties' to 'false' to disable
2024-11-19 19:00:20,941 [restartedMain] INFO  org.springframework.boot.devtools.env.DevToolsPropertyDefaultsPostProcessor(logTo:252) - For additional web related logging consider setting the 'logging.level.web' property to 'DEBUG'
2024-11-19 19:00:21,458 [restartedMain] INFO  org.springframework.boot.web.embedded.tomcat.TomcatWebServer(initialize:111) - Tomcat initialized with port 8080 (http)
2024-11-19 19:00:21,465 [restartedMain] INFO  org.apache.coyote.http11.Http11NioProtocol(log:173) - Initializing ProtocolHandler ["http-nio-8080"]
2024-11-19 19:00:21,466 [restartedMain] INFO  org.apache.catalina.core.StandardService(log:173) - Starting service [Tomcat]
2024-11-19 19:00:21,467 [restartedMain] INFO  org.apache.catalina.core.StandardEngine(log:173) - Starting Servlet engine: [Apache Tomcat/10.1.30]
2024-11-19 19:00:21,489 [restartedMain] INFO  org.apache.catalina.core.ContainerBase.[Tomcat].[localhost].[/](log:173) - Initializing Spring embedded WebApplicationContext
2024-11-19 19:00:21,489 [restartedMain] INFO  org.springframework.boot.web.servlet.context.ServletWebServerApplicationContext(prepareWebApplicationContext:296) - Root WebApplicationContext: initialization completed in 548 ms
2024-11-19 19:00:21,644 [restartedMain] INFO  org.springframework.boot.autoconfigure.web.servlet.WelcomePageHandlerMapping(<init>:59) - Adding welcome page: class path resource [static/index.html]
2024-11-19 19:00:21,916 [restartedMain] INFO  org.springframework.boot.devtools.autoconfigure.OptionalLiveReloadServer(startServer:59) - LiveReload server is running on port 35729
2024-11-19 19:00:21,925 [restartedMain] INFO  org.apache.coyote.http11.Http11NioProtocol(log:173) - Starting ProtocolHandler ["http-nio-8080"]
2024-11-19 19:00:21,935 [restartedMain] INFO  org.springframework.boot.web.embedded.tomcat.TomcatWebServer(start:243) - Tomcat started on port 8080 (http) with context path '/'
2024-11-19 19:00:21,941 [restartedMain] INFO  com.dobby.mzdict.MzdictApplication(logStarted:56) - Started MzdictApplication in 1.18 seconds (process running for 1.639)
2024-11-19 19:00:24,483 [http-nio-8080-exec-1] INFO  org.apache.catalina.core.ContainerBase.[Tomcat].[localhost].[/](log:173) - Initializing Spring DispatcherServlet 'dispatcherServlet'
2024-11-19 19:00:24,483 [http-nio-8080-exec-1] INFO  org.springframework.web.servlet.DispatcherServlet(initServletBean:532) - Initializing Servlet 'dispatcherServlet'
2024-11-19 19:00:24,484 [http-nio-8080-exec-1] INFO  org.springframework.web.servlet.DispatcherServlet(initServletBean:554) - Completed initialization in 1 ms
2024-11-19 19:00:24,747 [http-nio-8080-exec-9] INFO  org.springdoc.api.AbstractOpenApiResource(getOpenApi:401) - Init duration for springdoc-openapi is: 97 ms
2024-11-19 19:00:28,507 [http-nio-8080-exec-10] WARN  org.springframework.web.servlet.mvc.support.DefaultHandlerExceptionResolver(logException:247) - Resolved [org.springframework.http.converter.HttpMessageNotReadableException: Required request body is missing: public org.springframework.http.ResponseEntity<java.lang.String> com.dobby.mzdict.controller.UserController.userLogin(java.lang.String,java.lang.String)]
2024-11-19 19:00:58,096 [File Watcher] INFO  org.springframework.boot.devtools.autoconfigure.LocalDevToolsAutoConfiguration$RestartingClassPathChangeChangedEventListener(onApplicationEvent:211) - Restarting due to 1 class path change (0 additions, 0 deletions, 1 modification)
2024-11-19 19:00:58,103 [Thread-5] INFO  org.apache.coyote.http11.Http11NioProtocol(log:173) - Stopping ProtocolHandler ["http-nio-8080"]
2024-11-19 19:00:58,176 [restartedMain] INFO  com.dobby.mzdict.MzdictApplication(logStarting:50) - Starting MzdictApplication using Java 17.0.12 with PID 41982 (/Users/dobby/IdeaProjects/mzdict/build/classes/java/main started by dobby in /Users/dobby/IdeaProjects/mzdict)
2024-11-19 19:00:58,176 [restartedMain] INFO  com.dobby.mzdict.MzdictApplication(logStartupProfileInfo:654) - No active profile set, falling back to 1 default profile: "default"
2024-11-19 19:00:58,293 [restartedMain] INFO  org.springframework.boot.web.embedded.tomcat.TomcatWebServer(initialize:111) - Tomcat initialized with port 8080 (http)
2024-11-19 19:00:58,294 [restartedMain] INFO  org.apache.coyote.http11.Http11NioProtocol(log:173) - Initializing ProtocolHandler ["http-nio-8080"]
2024-11-19 19:00:58,294 [restartedMain] INFO  org.apache.catalina.core.StandardService(log:173) - Starting service [Tomcat]
2024-11-19 19:00:58,294 [restartedMain] INFO  org.apache.catalina.core.StandardEngine(log:173) - Starting Servlet engine: [Apache Tomcat/10.1.30]
2024-11-19 19:00:58,299 [restartedMain] INFO  org.apache.catalina.core.ContainerBase.[Tomcat].[localhost].[/](log:173) - Initializing Spring embedded WebApplicationContext
2024-11-19 19:00:58,299 [restartedMain] INFO  org.springframework.boot.web.servlet.context.ServletWebServerApplicationContext(prepareWebApplicationContext:296) - Root WebApplicationContext: initialization completed in 122 ms
2024-11-19 19:00:58,343 [restartedMain] INFO  org.springframework.boot.autoconfigure.web.servlet.WelcomePageHandlerMapping(<init>:59) - Adding welcome page: class path resource [static/index.html]
2024-11-19 19:00:58,443 [restartedMain] INFO  org.springframework.boot.devtools.autoconfigure.OptionalLiveReloadServer(startServer:59) - LiveReload server is running on port 35729
2024-11-19 19:00:58,448 [restartedMain] INFO  org.apache.coyote.http11.Http11NioProtocol(log:173) - Starting ProtocolHandler ["http-nio-8080"]
2024-11-19 19:00:58,449 [restartedMain] INFO  org.springframework.boot.web.embedded.tomcat.TomcatWebServer(start:243) - Tomcat started on port 8080 (http) with context path '/'
2024-11-19 19:00:58,452 [restartedMain] INFO  com.dobby.mzdict.MzdictApplication(logStarted:56) - Started MzdictApplication in 0.298 seconds (process running for 38.15)
2024-11-19 19:00:58,453 [restartedMain] INFO  org.springframework.boot.devtools.autoconfigure.ConditionEvaluationDeltaLoggingListener(onApplicationEvent:63) - Condition evaluation unchanged
2024-11-19 19:01:06,849 [http-nio-8080-exec-1] INFO  org.apache.catalina.core.ContainerBase.[Tomcat].[localhost].[/](log:173) - Initializing Spring DispatcherServlet 'dispatcherServlet'
2024-11-19 19:01:06,849 [http-nio-8080-exec-1] INFO  org.springframework.web.servlet.DispatcherServlet(initServletBean:532) - Initializing Servlet 'dispatcherServlet'
2024-11-19 19:01:06,851 [http-nio-8080-exec-1] INFO  org.springframework.web.servlet.DispatcherServlet(initServletBean:554) - Completed initialization in 2 ms
2024-11-19 19:01:06,855 [http-nio-8080-exec-1] WARN  org.springframework.web.servlet.mvc.support.DefaultHandlerExceptionResolver(logException:247) - Resolved [org.springframework.http.converter.HttpMessageNotReadableException: Required request body is missing: public org.springframework.http.ResponseEntity<java.lang.String> com.dobby.mzdict.controller.UserController.userLogin(java.lang.String,java.lang.String)]
2024-11-19 19:02:20,658 [File Watcher] INFO  org.springframework.boot.devtools.autoconfigure.LocalDevToolsAutoConfiguration$RestartingClassPathChangeChangedEventListener(onApplicationEvent:211) - Restarting due to 1 class path change (0 additions, 0 deletions, 1 modification)
2024-11-19 19:02:20,662 [Thread-7] INFO  org.apache.coyote.http11.Http11NioProtocol(log:173) - Stopping ProtocolHandler ["http-nio-8080"]
2024-11-19 19:02:20,720 [restartedMain] INFO  com.dobby.mzdict.MzdictApplication(logStarting:50) - Starting MzdictApplication using Java 17.0.12 with PID 41982 (/Users/dobby/IdeaProjects/mzdict/build/classes/java/main started by dobby in /Users/dobby/IdeaProjects/mzdict)
2024-11-19 19:02:20,720 [restartedMain] INFO  com.dobby.mzdict.MzdictApplication(logStartupProfileInfo:654) - No active profile set, falling back to 1 default profile: "default"
2024-11-19 19:02:20,824 [restartedMain] INFO  org.springframework.boot.web.embedded.tomcat.TomcatWebServer(initialize:111) - Tomcat initialized with port 8080 (http)
2024-11-19 19:02:20,824 [restartedMain] INFO  org.apache.coyote.http11.Http11NioProtocol(log:173) - Initializing ProtocolHandler ["http-nio-8080"]
2024-11-19 19:02:20,825 [restartedMain] INFO  org.apache.catalina.core.StandardService(log:173) - Starting service [Tomcat]
2024-11-19 19:02:20,825 [restartedMain] INFO  org.apache.catalina.core.StandardEngine(log:173) - Starting Servlet engine: [Apache Tomcat/10.1.30]
2024-11-19 19:02:20,828 [restartedMain] INFO  org.apache.catalina.core.ContainerBase.[Tomcat].[localhost].[/](log:173) - Initializing Spring embedded WebApplicationContext
2024-11-19 19:02:20,829 [restartedMain] INFO  org.springframework.boot.web.servlet.context.ServletWebServerApplicationContext(prepareWebApplicationContext:296) - Root WebApplicationContext: initialization completed in 108 ms
2024-11-19 19:02:20,867 [restartedMain] INFO  org.springframework.boot.autoconfigure.web.servlet.WelcomePageHandlerMapping(<init>:59) - Adding welcome page: class path resource [static/index.html]
2024-11-19 19:02:20,949 [restartedMain] INFO  org.springframework.boot.devtools.autoconfigure.OptionalLiveReloadServer(startServer:59) - LiveReload server is running on port 35729
2024-11-19 19:02:20,953 [restartedMain] INFO  org.apache.coyote.http11.Http11NioProtocol(log:173) - Starting ProtocolHandler ["http-nio-8080"]
2024-11-19 19:02:20,954 [restartedMain] INFO  org.springframework.boot.web.embedded.tomcat.TomcatWebServer(start:243) - Tomcat started on port 8080 (http) with context path '/'
2024-11-19 19:02:20,957 [restartedMain] INFO  com.dobby.mzdict.MzdictApplication(logStarted:56) - Started MzdictApplication in 0.258 seconds (process running for 120.655)
2024-11-19 19:02:20,958 [restartedMain] INFO  org.springframework.boot.devtools.autoconfigure.ConditionEvaluationDeltaLoggingListener(onApplicationEvent:63) - Condition evaluation unchanged
2024-11-19 19:02:22,135 [http-nio-8080-exec-1] INFO  org.apache.catalina.core.ContainerBase.[Tomcat].[localhost].[/](log:173) - Initializing Spring DispatcherServlet 'dispatcherServlet'
2024-11-19 19:02:22,136 [http-nio-8080-exec-1] INFO  org.springframework.web.servlet.DispatcherServlet(initServletBean:532) - Initializing Servlet 'dispatcherServlet'
2024-11-19 19:02:22,138 [http-nio-8080-exec-1] INFO  org.springframework.web.servlet.DispatcherServlet(initServletBean:554) - Completed initialization in 1 ms
2024-11-19 19:02:22,140 [http-nio-8080-exec-1] WARN  org.springframework.web.servlet.mvc.support.DefaultHandlerExceptionResolver(logException:247) - Resolved [org.springframework.http.converter.HttpMessageNotReadableException: Required request body is missing: public org.springframework.http.ResponseEntity<java.lang.String> com.dobby.mzdict.controller.UserController.userLogin(java.lang.String,java.lang.String)]
2024-11-19 19:02:29,254 [restartedMain] INFO  com.dobby.mzdict.MzdictApplication(logStarting:50) - Starting MzdictApplication using Java 17.0.12 with PID 42017 (/Users/dobby/IdeaProjects/mzdict/build/classes/java/main started by dobby in /Users/dobby/IdeaProjects/mzdict)
2024-11-19 19:02:29,257 [restartedMain] INFO  com.dobby.mzdict.MzdictApplication(logStartupProfileInfo:654) - No active profile set, falling back to 1 default profile: "default"
2024-11-19 19:02:29,282 [restartedMain] INFO  org.springframework.boot.devtools.env.DevToolsPropertyDefaultsPostProcessor(logTo:252) - Devtools property defaults active! Set 'spring.devtools.add-properties' to 'false' to disable
2024-11-19 19:02:29,282 [restartedMain] INFO  org.springframework.boot.devtools.env.DevToolsPropertyDefaultsPostProcessor(logTo:252) - For additional web related logging consider setting the 'logging.level.web' property to 'DEBUG'
2024-11-19 19:02:29,780 [restartedMain] INFO  org.springframework.boot.web.embedded.tomcat.TomcatWebServer(initialize:111) - Tomcat initialized with port 8080 (http)
2024-11-19 19:02:29,786 [restartedMain] INFO  org.apache.coyote.http11.Http11NioProtocol(log:173) - Initializing ProtocolHandler ["http-nio-8080"]
2024-11-19 19:02:29,787 [restartedMain] INFO  org.apache.catalina.core.StandardService(log:173) - Starting service [Tomcat]
2024-11-19 19:02:29,788 [restartedMain] INFO  org.apache.catalina.core.StandardEngine(log:173) - Starting Servlet engine: [Apache Tomcat/10.1.30]
2024-11-19 19:02:29,808 [restartedMain] INFO  org.apache.catalina.core.ContainerBase.[Tomcat].[localhost].[/](log:173) - Initializing Spring embedded WebApplicationContext
2024-11-19 19:02:29,809 [restartedMain] INFO  org.springframework.boot.web.servlet.context.ServletWebServerApplicationContext(prepareWebApplicationContext:296) - Root WebApplicationContext: initialization completed in 527 ms
2024-11-19 19:02:29,969 [restartedMain] INFO  org.springframework.boot.autoconfigure.web.servlet.WelcomePageHandlerMapping(<init>:59) - Adding welcome page: class path resource [static/index.html]
2024-11-19 19:02:30,245 [restartedMain] INFO  org.springframework.boot.devtools.autoconfigure.OptionalLiveReloadServer(startServer:59) - LiveReload server is running on port 35729
2024-11-19 19:02:30,255 [restartedMain] INFO  org.apache.coyote.http11.Http11NioProtocol(log:173) - Starting ProtocolHandler ["http-nio-8080"]
2024-11-19 19:02:30,265 [restartedMain] INFO  org.springframework.boot.web.embedded.tomcat.TomcatWebServer(start:243) - Tomcat started on port 8080 (http) with context path '/'
2024-11-19 19:02:30,272 [restartedMain] INFO  com.dobby.mzdict.MzdictApplication(logStarted:56) - Started MzdictApplication in 1.157 seconds (process running for 1.579)
2024-11-19 19:02:33,728 [http-nio-8080-exec-1] INFO  org.apache.catalina.core.ContainerBase.[Tomcat].[localhost].[/](log:173) - Initializing Spring DispatcherServlet 'dispatcherServlet'
2024-11-19 19:02:33,729 [http-nio-8080-exec-1] INFO  org.springframework.web.servlet.DispatcherServlet(initServletBean:532) - Initializing Servlet 'dispatcherServlet'
2024-11-19 19:02:33,730 [http-nio-8080-exec-1] INFO  org.springframework.web.servlet.DispatcherServlet(initServletBean:554) - Completed initialization in 1 ms
2024-11-19 19:02:33,750 [http-nio-8080-exec-1] WARN  org.springframework.web.servlet.mvc.support.DefaultHandlerExceptionResolver(logException:247) - Resolved [org.springframework.http.converter.HttpMessageNotReadableException: Required request body is missing: public org.springframework.http.ResponseEntity<java.lang.String> com.dobby.mzdict.controller.UserController.userLogin(java.lang.String,java.lang.String)]
2024-11-19 19:06:17,699 [http-nio-8080-exec-2] WARN  org.springframework.web.servlet.mvc.support.DefaultHandlerExceptionResolver(logException:247) - Resolved [org.springframework.http.converter.HttpMessageNotReadableException: Required request body is missing: public org.springframework.http.ResponseEntity<java.lang.String> com.dobby.mzdict.controller.UserController.userLogin(java.lang.String,java.lang.String)]
2024-11-19 19:06:18,370 [File Watcher] INFO  org.springframework.boot.devtools.autoconfigure.LocalDevToolsAutoConfiguration$RestartingClassPathChangeChangedEventListener(onApplicationEvent:211) - Restarting due to 4 class path changes (1 addition, 0 deletions, 3 modifications)
2024-11-19 19:06:18,378 [Thread-5] INFO  org.apache.coyote.http11.Http11NioProtocol(log:173) - Stopping ProtocolHandler ["http-nio-8080"]
2024-11-19 19:06:18,463 [restartedMain] INFO  com.dobby.mzdict.MzdictApplication(logStarting:50) - Starting MzdictApplication using Java 17.0.12 with PID 42017 (/Users/dobby/IdeaProjects/mzdict/build/classes/java/main started by dobby in /Users/dobby/IdeaProjects/mzdict)
2024-11-19 19:06:18,463 [restartedMain] INFO  com.dobby.mzdict.MzdictApplication(logStartupProfileInfo:654) - No active profile set, falling back to 1 default profile: "default"
2024-11-19 19:06:18,577 [restartedMain] INFO  org.springframework.boot.web.embedded.tomcat.TomcatWebServer(initialize:111) - Tomcat initialized with port 8080 (http)
2024-11-19 19:06:18,578 [restartedMain] INFO  org.apache.coyote.http11.Http11NioProtocol(log:173) - Initializing ProtocolHandler ["http-nio-8080"]
2024-11-19 19:06:18,578 [restartedMain] INFO  org.apache.catalina.core.StandardService(log:173) - Starting service [Tomcat]
2024-11-19 19:06:18,578 [restartedMain] INFO  org.apache.catalina.core.StandardEngine(log:173) - Starting Servlet engine: [Apache Tomcat/10.1.30]
2024-11-19 19:06:18,582 [restartedMain] INFO  org.apache.catalina.core.ContainerBase.[Tomcat].[localhost].[/](log:173) - Initializing Spring embedded WebApplicationContext
2024-11-19 19:06:18,582 [restartedMain] INFO  org.springframework.boot.web.servlet.context.ServletWebServerApplicationContext(prepareWebApplicationContext:296) - Root WebApplicationContext: initialization completed in 118 ms
2024-11-19 19:06:18,627 [restartedMain] INFO  org.springframework.boot.autoconfigure.web.servlet.WelcomePageHandlerMapping(<init>:59) - Adding welcome page: class path resource [static/index.html]
2024-11-19 19:06:18,721 [restartedMain] INFO  org.springframework.boot.devtools.autoconfigure.OptionalLiveReloadServer(startServer:59) - LiveReload server is running on port 35729
2024-11-19 19:06:18,726 [restartedMain] INFO  org.apache.coyote.http11.Http11NioProtocol(log:173) - Starting ProtocolHandler ["http-nio-8080"]
2024-11-19 19:06:18,727 [restartedMain] INFO  org.springframework.boot.web.embedded.tomcat.TomcatWebServer(start:243) - Tomcat started on port 8080 (http) with context path '/'
2024-11-19 19:06:18,730 [restartedMain] INFO  com.dobby.mzdict.MzdictApplication(logStarted:56) - Started MzdictApplication in 0.294 seconds (process running for 230.037)
2024-11-19 19:06:18,731 [restartedMain] INFO  org.springframework.boot.devtools.autoconfigure.ConditionEvaluationDeltaLoggingListener(onApplicationEvent:63) - Condition evaluation unchanged
2024-11-19 19:06:23,263 [restartedMain] INFO  com.dobby.mzdict.MzdictApplication(logStarting:50) - Starting MzdictApplication using Java 17.0.12 with PID 42081 (/Users/dobby/IdeaProjects/mzdict/build/classes/java/main started by dobby in /Users/dobby/IdeaProjects/mzdict)
2024-11-19 19:06:23,267 [restartedMain] INFO  com.dobby.mzdict.MzdictApplication(logStartupProfileInfo:654) - No active profile set, falling back to 1 default profile: "default"
2024-11-19 19:06:23,297 [restartedMain] INFO  org.springframework.boot.devtools.env.DevToolsPropertyDefaultsPostProcessor(logTo:252) - Devtools property defaults active! Set 'spring.devtools.add-properties' to 'false' to disable
2024-11-19 19:06:23,297 [restartedMain] INFO  org.springframework.boot.devtools.env.DevToolsPropertyDefaultsPostProcessor(logTo:252) - For additional web related logging consider setting the 'logging.level.web' property to 'DEBUG'
2024-11-19 19:06:23,818 [restartedMain] INFO  org.springframework.boot.web.embedded.tomcat.TomcatWebServer(initialize:111) - Tomcat initialized with port 8080 (http)
2024-11-19 19:06:23,826 [restartedMain] INFO  org.apache.coyote.http11.Http11NioProtocol(log:173) - Initializing ProtocolHandler ["http-nio-8080"]
2024-11-19 19:06:23,828 [restartedMain] INFO  org.apache.catalina.core.StandardService(log:173) - Starting service [Tomcat]
2024-11-19 19:06:23,828 [restartedMain] INFO  org.apache.catalina.core.StandardEngine(log:173) - Starting Servlet engine: [Apache Tomcat/10.1.30]
2024-11-19 19:06:23,852 [restartedMain] INFO  org.apache.catalina.core.ContainerBase.[Tomcat].[localhost].[/](log:173) - Initializing Spring embedded WebApplicationContext
2024-11-19 19:06:23,853 [restartedMain] INFO  org.springframework.boot.web.servlet.context.ServletWebServerApplicationContext(prepareWebApplicationContext:296) - Root WebApplicationContext: initialization completed in 555 ms
2024-11-19 19:06:23,999 [restartedMain] INFO  org.springframework.boot.autoconfigure.web.servlet.WelcomePageHandlerMapping(<init>:59) - Adding welcome page: class path resource [static/index.html]
2024-11-19 19:06:24,271 [restartedMain] INFO  org.springframework.boot.devtools.autoconfigure.OptionalLiveReloadServer(startServer:59) - LiveReload server is running on port 35729
2024-11-19 19:06:24,281 [restartedMain] INFO  org.apache.coyote.http11.Http11NioProtocol(log:173) - Starting ProtocolHandler ["http-nio-8080"]
2024-11-19 19:06:24,290 [restartedMain] INFO  org.springframework.boot.web.embedded.tomcat.TomcatWebServer(start:243) - Tomcat started on port 8080 (http) with context path '/'
2024-11-19 19:06:24,297 [restartedMain] INFO  com.dobby.mzdict.MzdictApplication(logStarted:56) - Started MzdictApplication in 1.186 seconds (process running for 1.589)
2024-11-19 19:06:39,850 [http-nio-8080-exec-1] INFO  org.apache.catalina.core.ContainerBase.[Tomcat].[localhost].[/](log:173) - Initializing Spring DispatcherServlet 'dispatcherServlet'
2024-11-19 19:06:39,851 [http-nio-8080-exec-1] INFO  org.springframework.web.servlet.DispatcherServlet(initServletBean:532) - Initializing Servlet 'dispatcherServlet'
2024-11-19 19:06:39,852 [http-nio-8080-exec-1] INFO  org.springframework.web.servlet.DispatcherServlet(initServletBean:554) - Completed initialization in 0 ms
2024-11-19 19:06:40,117 [http-nio-8080-exec-9] INFO  org.springdoc.api.AbstractOpenApiResource(getOpenApi:401) - Init duration for springdoc-openapi is: 100 ms
2024-11-19 19:06:43,975 [http-nio-8080-exec-10] INFO  com.zaxxer.hikari.HikariDataSource(getConnection:109) - HikariPool-1 - Starting...
2024-11-19 19:06:44,428 [http-nio-8080-exec-10] INFO  com.zaxxer.hikari.pool.HikariPool(checkFailFast:554) - HikariPool-1 - Added connection org.mariadb.jdbc.Connection@57a83a9e
2024-11-19 19:06:44,432 [http-nio-8080-exec-10] INFO  com.zaxxer.hikari.HikariDataSource(getConnection:122) - HikariPool-1 - Start completed.
2024-11-19 19:16:44,478 [HikariPool-1 housekeeper] WARN  com.zaxxer.hikari.pool.HikariPool(run:789) - HikariPool-1 - Retrograde clock change detected (housekeeper delta=29s871ms), soft-evicting connections from pool.
2024-11-19 19:49:48,497 [HikariPool-1 housekeeper] WARN  com.zaxxer.hikari.pool.HikariPool(run:797) - HikariPool-1 - Thread starvation or clock leap detected (housekeeper delta=28m3s988ms).
